[debug] [2020-07-11T20:52:38.975Z] ----------------------------------------------------------------------
[debug] [2020-07-11T20:52:38.977Z] Command:       C:\Program Files\nodejs\node.exe C:\Users\dany_\AppData\Roaming\npm\node_modules\firebase-tools\lib\bin\firebase.js init
[debug] [2020-07-11T20:52:38.978Z] CLI Version:   8.5.0
[debug] [2020-07-11T20:52:38.978Z] Platform:      win32
[debug] [2020-07-11T20:52:38.978Z] Node Version:  v13.13.0
[debug] [2020-07-11T20:52:38.979Z] Time:          Sat Jul 11 2020 17:52:38 GMT-0300 (hora estándar de Argentina)
[debug] [2020-07-11T20:52:38.979Z] ----------------------------------------------------------------------
[debug] [2020-07-11T20:52:38.979Z] 
[debug] [2020-07-11T20:52:38.988Z] > command requires scopes: ["email","openid","https://www.googleapis.com/auth/cloudplatformprojects.readonly","https://www.googleapis.com/auth/firebase","https://www.googleapis.com/auth/cloud-platform"]
[debug] [2020-07-11T20:52:38.988Z] > authorizing via signed-in user
[info] 
     ######## #### ########  ######## ########     ###     ######  ########
     ##        ##  ##     ## ##       ##     ##  ##   ##  ##       ##
     ######    ##  ########  ######   ########  #########  ######  ######
     ##        ##  ##    ##  ##       ##     ## ##     ##       ## ##
     ##       #### ##     ## ######## ########  ##     ##  ######  ########

You're about to initialize a Firebase project in this directory:

  C:\Dany\code\reactjs\schoolproject

Before we get started, keep in mind:

  * You are currently outside your home directory
  * You are initializing in an existing Firebase project directory

